cat "options.tmpout"

COMP: "/usr/bin/gcc     -std=c99   -m64 -c -o options.o -DSPEC -DNDEBUG -DSPEC_AUTO_BYTEORDER=0x12345678 -DHAVE_CONFIG_H=1 -DSPEC_MEM_IO -DSPEC_XZ -I. -Ispec_mem_io -Isha-2 -Icommon -Iliblzma/api -Iliblzma/lzma -Iliblzma/common -Iliblzma/check -Iliblzma/simple -Iliblzma/delta -Iliblzma/lz -Iliblzma/rangecoder  -g           -fopenmp -DSPEC_OPENMP -fno-strict-aliasing -fgnu89-inline   -DSPEC_LP64  <source>"
C: CC="/usr/bin/gcc     -std=c99   -m64"
C: COBJOPT="-c -o options"
P: CPUFLAGS="-DSPEC -DNDEBUG"
P: BENCH_FLAGS="-DSPEC_AUTO_BYTEORDER=0x12345678 -DHAVE_CONFIG_H=1 -DSPEC_MEM_IO -DSPEC_XZ -I. -Ispec_mem_io -Isha-2 -Icommon -Iliblzma/api -Iliblzma/lzma -Iliblzma/common -Iliblzma/check -Iliblzma/simple -Iliblzma/delta -Iliblzma/lz -Iliblzma/rangecoder"
P: BENCH_CFLAGS=""
O: OPTIMIZE="-g"
O: COPTIMIZE=""
P: PORTABILITY=""
P: CPORTABILITY=""
O: EXTRA_CFLAGS=""
O: EXTRA_OPTIMIZE="-fopenmp -DSPEC_OPENMP"
O: EXTRA_COPTIMIZE="-fno-strict-aliasing -fgnu89-inline"
P: EXTRA_PORTABILITY="-DSPEC_LP64"
P: EXTRA_CPORTABILITY=""
LINK: "/usr/bin/gcc     -std=c99   -m64      -g        -fopenmp -DSPEC_OPENMP -fno-strict-aliasing -fgnu89-inline <objects>            -o options  "
C: LD="/usr/bin/gcc     -std=c99   -m64"
O: OPTIMIZE="-g"
O: EXTRA_OPTIMIZE="-fopenmp -DSPEC_OPENMP"
O: EXTRA_COPTIMIZE="-fno-strict-aliasing -fgnu89-inline"
C: LDOUT="-o options"
rm -rf options.tmpout
